<?xml version="1.0" encoding="UTF-8"?>
<!-- Generated by org.testng.reporters.JUnitReportReporter -->
<testsuite skipped="0" hostname="Mayank-PC" name="selenium.WindowHandle" tests="1" failures="0" timestamp="07 May 2020 19:36:16 GMT" time="18.226" errors="0">
  <testcase name="baseNavigationPage" time="18.226" classname="selenium.WindowHandle"/>
</testsuite> <!-- selenium.WindowHandle -->
