<?xml version="1.0" encoding="UTF-8"?>
<!-- Generated by org.testng.reporters.JUnitReportReporter -->
<testsuite skipped="0" hostname="Mayank-PC" name="maventutorial.maven_learning.day2Test" tests="2" failures="0" timestamp="12 Apr 2019 22:35:11 GMT" time="0.029" errors="0">
  <testcase name="carLoan" time="0.017" classname="maventutorial.maven_learning.day2Test"/>
  <testcase name="homeLoan" time="0.012" classname="maventutorial.maven_learning.day2Test"/>
</testsuite> <!-- maventutorial.maven_learning.day2Test -->
