<?xml version="1.0" encoding="UTF-8"?>
<!-- Generated by org.testng.reporters.JUnitReportReporter -->
<testsuite skipped="0" hostname="Mayank-PC" name="cucumberOptions.TestRunner" tests="2" failures="0" timestamp="12 Apr 2019 22:35:11 GMT" time="0.256" errors="0">
  <testcase name="runScenario" time="0.004" classname="cucumberOptions.TestRunner"/>
  <testcase name="runScenario" time="0.252" classname="cucumberOptions.TestRunner"/>
</testsuite> <!-- cucumberOptions.TestRunner -->
