<?xml version="1.0" encoding="UTF-8"?>
<!-- Generated by org.testng.reporters.JUnitReportReporter -->
<testsuite skipped="0" hostname="Mayank-PC" name="maventutorial.maven_learning.day1Test" tests="2" failures="0" timestamp="29 Apr 2020 14:03:54 GMT" time="0.015" errors="0">
  <testcase name="homeLoan" time="0.005" classname="maventutorial.maven_learning.day1Test"/>
  <testcase name="carLoan" time="0.010" classname="maventutorial.maven_learning.day1Test"/>
</testsuite> <!-- maventutorial.maven_learning.day1Test -->
