<?xml version="1.0" encoding="UTF-8"?>
<!-- Generated by org.testng.reporters.JUnitReportReporter -->
<testsuite skipped="6" hostname="Mayank-PC" name="reports.BasicExtentReport" tests="7" failures="0" timestamp="12 Apr 2019 23:29:22 GMT" time="0.002" errors="1">
  <testcase name="testCase5" time="0.000" classname="reports.BasicExtentReport">
    <skipped/>
  </testcase> <!-- testCase5 -->
  <testcase name="testCase1" time="0.000" classname="reports.BasicExtentReport">
    <skipped/>
  </testcase> <!-- testCase1 -->
  <testcase name="testCase4" time="0.000" classname="reports.BasicExtentReport">
    <skipped/>
  </testcase> <!-- testCase4 -->
  <testcase name="testCase3" time="0.000" classname="reports.BasicExtentReport">
    <skipped/>
  </testcase> <!-- testCase3 -->
  <testcase name="testCase2" time="0.000" classname="reports.BasicExtentReport">
    <skipped/>
  </testcase> <!-- testCase2 -->
  <testcase name="startReport" time="0.002" classname="reports.BasicExtentReport">
    <error type="java.lang.Error" message="Unresolved compilation problems: 
	The method setChartVisibilityOnOpen(boolean) is undefined for the type ExtentHtmlReporterConfiguration
	ChartLocation cannot be resolved to a variable
">
      <![CDATA[java.lang.Error: Unresolved compilation problems: 
The method setChartVisibilityOnOpen(boolean) is undefined for the type ExtentHtmlReporterConfiguration
ChartLocation cannot be resolved to a variable

at reports.BasicExtentReport.startReport(BasicExtentReport.java:45)
at sun.reflect.NativeMethodAccessorImpl.invoke0(Native Method)
at sun.reflect.NativeMethodAccessorImpl.invoke(Unknown Source)
at sun.reflect.DelegatingMethodAccessorImpl.invoke(Unknown Source)
at java.lang.reflect.Method.invoke(Unknown Source)
at org.testng.internal.MethodInvocationHelper.invokeMethod(MethodInvocationHelper.java:124)
at org.testng.internal.MethodInvocationHelper.invokeMethodConsideringTimeout(MethodInvocationHelper.java:59)
at org.testng.internal.Invoker.invokeConfigurationMethod(Invoker.java:458)
at org.testng.internal.Invoker.invokeConfigurations(Invoker.java:222)
at org.testng.internal.Invoker.invokeConfigurations(Invoker.java:142)
at org.testng.TestRunner.beforeRun(TestRunner.java:529)
at org.testng.TestRunner.run(TestRunner.java:497)
at org.testng.SuiteRunner.runTest(SuiteRunner.java:455)
at org.testng.SuiteRunner.runSequentially(SuiteRunner.java:450)
at org.testng.SuiteRunner.privateRun(SuiteRunner.java:415)
at org.testng.SuiteRunner.run(SuiteRunner.java:364)
at org.testng.SuiteRunnerWorker.runSuite(SuiteRunnerWorker.java:52)
at org.testng.SuiteRunnerWorker.run(SuiteRunnerWorker.java:84)
at org.testng.TestNG.runSuitesSequentially(TestNG.java:1208)
at org.testng.TestNG.runSuitesLocally(TestNG.java:1137)
at org.testng.TestNG.runSuites(TestNG.java:1049)
at org.testng.TestNG.run(TestNG.java:1017)
at org.testng.remote.AbstractRemoteTestNG.run(AbstractRemoteTestNG.java:114)
at org.testng.remote.RemoteTestNG.initAndRun(RemoteTestNG.java:251)
at org.testng.remote.RemoteTestNG.main(RemoteTestNG.java:77)
]]>
    </error>
  </testcase> <!-- startReport -->
  <testcase name="testCase6" classname="reports.BasicExtentReport">
    <skipped/>
  </testcase> <!-- testCase6 -->
</testsuite> <!-- reports.BasicExtentReport -->
