<?xml version="1.0" encoding="UTF-8"?>
<!-- Generated by org.testng.reporters.JUnitReportReporter -->
<testsuite skipped="0" hostname="Mayank-PC" name="cucumberOptions.TestRunner" tests="2" failures="0" timestamp="29 Apr 2020 14:04:58 GMT" time="0.383" errors="0">
  <testcase name="runScenario" time="0.380" classname="cucumberOptions.TestRunner"/>
  <testcase name="runScenario" time="0.003" classname="cucumberOptions.TestRunner"/>
</testsuite> <!-- cucumberOptions.TestRunner -->
