<?xml version="1.0" encoding="UTF-8"?>
<!-- Generated by org.testng.reporters.JUnitReportReporter -->
<testsuite skipped="0" hostname="Mayank-PC" name="maventutorial.maven_learning.AdvancedSearchPage" tests="1" failures="0" timestamp="01 May 2020 19:38:14 GMT" time="9.622" errors="0">
  <testcase name="baseNavigationPage" time="9.622" classname="maventutorial.maven_learning.AdvancedSearchPage"/>
</testsuite> <!-- maventutorial.maven_learning.AdvancedSearchPage -->
