<?xml version="1.0" encoding="UTF-8"?>
<!-- Generated by org.testng.reporters.JUnitReportReporter -->
<testsuite skipped="0" hostname="Mayank-PC" name="maventutorial.maven_learning.day1Test" tests="2" failures="0" timestamp="13 Apr 2019 16:01:25 GMT" time="0.000" errors="0">
  <testcase name="homeLoan" time="0.000" classname="maventutorial.maven_learning.day1Test"/>
  <testcase name="carLoan" time="0.000" classname="maventutorial.maven_learning.day1Test"/>
</testsuite> <!-- maventutorial.maven_learning.day1Test -->
