<?xml version="1.0" encoding="UTF-8"?>
<!-- Generated by org.testng.reporters.JUnitReportReporter -->
<testsuite skipped="0" hostname="Mayank-PC" name="runners.TestRunner" tests="2" failures="0" timestamp="21 May 2020 10:19:17 GMT" time="0.358" errors="0">
  <testcase name="runScenario" time="0.005" classname="runners.TestRunner"/>
  <testcase name="runScenario" time="0.353" classname="runners.TestRunner"/>
</testsuite> <!-- runners.TestRunner -->
