<?xml version="1.0" encoding="UTF-8"?>
<!-- Generated by org.testng.reporters.JUnitReportReporter -->
<testsuite skipped="0" hostname="Mayank-PC" name="maventutorial.maven_learning.day3Test" tests="3" failures="0" timestamp="12 Apr 2019 22:35:11 GMT" time="0.037" errors="0">
  <testcase name="test3" time="0.006" classname="maventutorial.maven_learning.day3Test"/>
  <testcase name="test2" time="0.007" classname="maventutorial.maven_learning.day3Test"/>
  <testcase name="af" time="0.024" classname="maventutorial.maven_learning.day3Test"/>
</testsuite> <!-- maventutorial.maven_learning.day3Test -->
