<?xml version="1.0" encoding="UTF-8"?>
<!-- Generated by org.testng.reporters.JUnitReportReporter -->
<testsuite skipped="0" hostname="Mayank-PC" name="maventutorial.maven_learning.day3Test" tests="1" failures="0" timestamp="04 May 2020 18:26:41 GMT" time="0.002" errors="0">
  <testcase name="af" time="0.002" classname="maventutorial.maven_learning.day3Test"/>
</testsuite> <!-- maventutorial.maven_learning.day3Test -->
