<?xml version="1.0" encoding="UTF-8"?>
<!-- Generated by org.testng.reporters.JUnitReportReporter -->
<testsuite skipped="0" hostname="Mayank-PC" name="testcases.loginapp" tests="1" failures="0" timestamp="10 Apr 2019 18:45:23 GMT" time="34.807" errors="0">
  <testcase name="login" time="34.807" classname="testcases.loginapp"/>
</testsuite> <!-- testcases.loginapp -->
