<?xml version="1.0" encoding="UTF-8"?>
<!-- Generated by org.testng.reporters.JUnitReportReporter -->
<testsuite skipped="0" hostname="Mayank-PC" name="reports.ExtentReportDemo" tests="1" failures="0" timestamp="13 Apr 2019 09:53:11 GMT" time="0.907" errors="0">
  <testcase name="loginTest" time="0.907" classname="reports.ExtentReportDemo"/>
</testsuite> <!-- reports.ExtentReportDemo -->
