<?xml version="1.0" encoding="UTF-8"?>
<!-- Generated by org.testng.reporters.JUnitReportReporter -->
<testsuite skipped="0" hostname="Mayank-PC" name="maventutorial.maven_learning.day3Test" tests="3" failures="0" timestamp="13 Apr 2019 16:01:25 GMT" time="0.003" errors="0">
  <testcase name="af" time="0.001" classname="maventutorial.maven_learning.day3Test"/>
  <testcase name="test2" time="0.001" classname="maventutorial.maven_learning.day3Test"/>
  <testcase name="test3" time="0.001" classname="maventutorial.maven_learning.day3Test"/>
</testsuite> <!-- maventutorial.maven_learning.day3Test -->
