<?xml version="1.0" encoding="UTF-8"?>
<!-- Generated by org.testng.reporters.JUnitReportReporter -->
<testsuite skipped="0" hostname="Mayank-PC" name="maventutorial.maven_learning.day1Test" tests="2" failures="0" timestamp="10 Oct 2019 19:03:29 GMT" time="0.009" errors="0">
  <testcase name="homeLoan" time="0.003" classname="maventutorial.maven_learning.day1Test"/>
  <testcase name="carLoan" time="0.006" classname="maventutorial.maven_learning.day1Test"/>
</testsuite> <!-- maventutorial.maven_learning.day1Test -->
