<?xml version="1.0" encoding="UTF-8"?>
<!-- Generated by org.testng.reporters.JUnitReportReporter -->
<testsuite hostname="Mayank-PC" failures="0" tests="2" name="maventutorial.maven_learning.day1Test" time="0.001" errors="0" timestamp="15 Apr 2019 15:48:10 GMT" skipped="0">
  <testcase classname="maventutorial.maven_learning.day1Test" name="carLoan" time="0.001"/>
  <testcase classname="maventutorial.maven_learning.day1Test" name="homeLoan" time="0.000"/>
</testsuite> <!-- maventutorial.maven_learning.day1Test -->
