<?xml version="1.0" encoding="UTF-8"?>
<!-- Generated by org.testng.reporters.JUnitReportReporter -->
<testsuite hostname="Mayank-PC" failures="0" tests="2" name="maventutorial.maven_learning.day2Test" time="0.008" errors="0" timestamp="06 Apr 2019 13:57:56 GMT" skipped="0">
  <testcase classname="maventutorial.maven_learning.day2Test" name="homeLoan1" time="0.000"/>
  <testcase classname="maventutorial.maven_learning.day2Test" name="carLoan1" time="0.008"/>
</testsuite> <!-- maventutorial.maven_learning.day2Test -->
